# JRE version: OpenJDK Runtime Environment (17.0.9) (build 17.0.9+0--11185874)
# Java VM: OpenJDK 64-Bit Server VM (17.0.9+0--11185874, mixed mode, tiered, compressed oops, compressed class ptrs, g1 gc, windows-amd64)
GC Precious Log:
 CPUs: 8 total, 8 available
 Memory: 16217M
 Large Page Support: Disabled
 NUMA Support: Disabled
 Compressed Oops: Enabled (32-bit)
 Heap Region Size: 1M
 Heap Min Capacity: 8M
 Heap Initial Capacity: 254M
 Heap Max Capacity: 2G
 Pre-touch: Disabled
 Parallel Workers: 8
 Concurrent Workers: 2
 Concurrent Refinement Workers: 8
 Periodic GC: Disabled
Heap:
 garbage-first heap   total 310272K, used 161399K [0x0000000080000000, 0x0000000100000000)
  region size 1024K, 2 young (2048K), 2 survivors (2048K)
 Metaspace       used 126217K, committed 127104K, reserved 1179648K
  class space    used 17486K, committed 17920K, reserved 1048576K
GC Heap History (20 events):
Event: 23.093 GC heap after
{Heap after GC invocations=43 (full 0):
 garbage-first heap   total 258048K, used 153127K [0x0000000080000000, 0x0000000100000000)
  region size 1024K, 9 young (9216K), 9 survivors (9216K)
 Metaspace       used 108027K, committed 108864K, reserved 1179648K
  class space    used 14519K, committed 14912K, reserved 1048576K
}
Event: 23.553 GC heap before
{Heap before GC invocations=43 (full 0):
 garbage-first heap   total 258048K, used 210471K [0x0000000080000000, 0x0000000100000000)
  region size 1024K, 66 young (67584K), 9 survivors (9216K)
 Metaspace       used 109606K, committed 110400K, reserved 1179648K
  class space    used 14755K, committed 15104K, reserved 1048576K
}
Event: 23.566 GC heap after
{Heap after GC invocations=44 (full 0):
 garbage-first heap   total 258048K, used 158209K [0x0000000080000000, 0x0000000100000000)
  region size 1024K, 6 young (6144K), 6 survivors (6144K)
 Metaspace       used 109606K, committed 110400K, reserved 1179648K
  class space    used 14755K, committed 15104K, reserved 1048576K
}
Event: 24.436 GC heap before
{Heap before GC invocations=44 (full 0):
 garbage-first heap   total 258048K, used 213505K [0x0000000080000000, 0x0000000100000000)
  region size 1024K, 59 young (60416K), 6 survivors (6144K)
 Metaspace       used 113067K, committed 113920K, reserved 1179648K
  class space    used 15286K, committed 15680K, reserved 1048576K
}
Event: 24.447 GC heap after
{Heap after GC invocations=45 (full 0):
 garbage-first heap   total 310272K, used 161540K [0x0000000080000000, 0x0000000100000000)
  region size 1024K, 5 young (5120K), 5 survivors (5120K)
 Metaspace       used 113067K, committed 113920K, reserved 1179648K
  class space    used 15286K, committed 15680K, reserved 1048576K
}
Event: 24.998 GC heap before
{Heap before GC invocations=45 (full 0):
 garbage-first heap   total 310272K, used 219908K [0x0000000080000000, 0x0000000100000000)
  region size 1024K, 64 young (65536K), 5 survivors (5120K)
 Metaspace       used 115330K, committed 116160K, reserved 1179648K
  class space    used 15633K, committed 16064K, reserved 1048576K
}
Event: 25.019 GC heap after
{Heap after GC invocations=46 (full 0):
 garbage-first heap   total 310272K, used 169909K [0x0000000080000000, 0x0000000100000000)
  region size 1024K, 12 young (12288K), 12 survivors (12288K)
 Metaspace       used 115330K, committed 116160K, reserved 1179648K
  class space    used 15633K, committed 16064K, reserved 1048576K
}
Event: 25.975 GC heap before
{Heap before GC invocations=47 (full 0):
 garbage-first heap   total 310272K, used 236469K [0x0000000080000000, 0x0000000100000000)
  region size 1024K, 95 young (97280K), 12 survivors (12288K)
 Metaspace       used 118529K, committed 119360K, reserved 1179648K
  class space    used 16251K, committed 16640K, reserved 1048576K
}
Event: 26.001 GC heap after
{Heap after GC invocations=48 (full 0):
 garbage-first heap   total 310272K, used 164286K [0x0000000080000000, 0x0000000100000000)
  region size 1024K, 12 young (12288K), 12 survivors (12288K)
 Metaspace       used 118529K, committed 119360K, reserved 1179648K
  class space    used 16251K, committed 16640K, reserved 1048576K
}
Event: 26.017 GC heap before
{Heap before GC invocations=48 (full 0):
 garbage-first heap   total 310272K, used 166334K [0x0000000080000000, 0x0000000100000000)
  region size 1024K, 15 young (15360K), 12 survivors (12288K)
 Metaspace       used 118633K, committed 119488K, reserved 1179648K
  class space    used 16268K, committed 16704K, reserved 1048576K
}
Event: 26.034 GC heap after
{Heap after GC invocations=49 (full 0):
 garbage-first heap   total 310272K, used 141970K [0x0000000080000000, 0x0000000100000000)
  region size 1024K, 2 young (2048K), 2 survivors (2048K)
 Metaspace       used 118633K, committed 119488K, reserved 1179648K
  class space    used 16268K, committed 16704K, reserved 1048576K
}
Event: 27.058 GC heap before
{Heap before GC invocations=49 (full 0):
 garbage-first heap   total 310272K, used 247442K [0x0000000080000000, 0x0000000100000000)
  region size 1024K, 106 young (108544K), 2 survivors (2048K)
 Metaspace       used 122630K, committed 123520K, reserved 1179648K
  class space    used 16972K, committed 17408K, reserved 1048576K
}
Event: 27.072 GC heap after
{Heap after GC invocations=50 (full 0):
 garbage-first heap   total 310272K, used 147734K [0x0000000080000000, 0x0000000100000000)
  region size 1024K, 8 young (8192K), 8 survivors (8192K)
 Metaspace       used 122630K, committed 123520K, reserved 1179648K
  class space    used 16972K, committed 17408K, reserved 1048576K
}
Event: 28.054 GC heap before
{Heap before GC invocations=50 (full 0):
 garbage-first heap   total 310272K, used 250134K [0x0000000080000000, 0x0000000100000000)
  region size 1024K, 108 young (110592K), 8 survivors (8192K)
 Metaspace       used 125647K, committed 126528K, reserved 1179648K
  class space    used 17429K, committed 17856K, reserved 1048576K
}
Event: 28.069 GC heap after
{Heap after GC invocations=51 (full 0):
 garbage-first heap   total 310272K, used 149183K [0x0000000080000000, 0x0000000100000000)
  region size 1024K, 2 young (2048K), 2 survivors (2048K)
 Metaspace       used 125647K, committed 126528K, reserved 1179648K
  class space    used 17429K, committed 17856K, reserved 1048576K
}
Event: 28.709 GC heap before
{Heap before GC invocations=51 (full 0):
 garbage-first heap   total 310272K, used 253631K [0x0000000080000000, 0x0000000100000000)
  region size 1024K, 105 young (107520K), 2 survivors (2048K)
 Metaspace       used 125897K, committed 126720K, reserved 1179648K
  class space    used 17436K, committed 17856K, reserved 1048576K
}
Event: 28.731 GC heap after
{Heap after GC invocations=52 (full 0):
 garbage-first heap   total 310272K, used 160374K [0x0000000080000000, 0x0000000100000000)
  region size 1024K, 13 young (13312K), 13 survivors (13312K)
 Metaspace       used 125897K, committed 126720K, reserved 1179648K
  class space    used 17436K, committed 17856K, reserved 1048576K
}
Event: 29.343 GC heap before
{Heap before GC invocations=52 (full 0):
 garbage-first heap   total 310272K, used 251510K [0x0000000080000000, 0x0000000100000000)
  region size 1024K, 103 young (105472K), 13 survivors (13312K)
 Metaspace       used 126006K, committed 126912K, reserved 1179648K
  class space    used 17473K, committed 17920K, reserved 1048576K
}
Event: 29.359 GC heap after
{Heap after GC invocations=53 (full 0):
 garbage-first heap   total 310272K, used 161818K [0x0000000080000000, 0x0000000100000000)
  region size 1024K, 3 young (3072K), 3 survivors (3072K)
 Metaspace       used 126006K, committed 126912K, reserved 1179648K
  class space    used 17473K, committed 17920K, reserved 1048576K
}
Event: 29.859 GC heap before
{Heap before GC invocations=53 (full 0):
 garbage-first heap   total 310272K, used 257050K [0x0000000080000000, 0x0000000100000000)
  region size 1024K, 96 young (98304K), 3 survivors (3072K)
 Metaspace       used 126217K, committed 127104K, reserved 1179648K
  class space    used 17486K, committed 17920K, reserved 1048576K
}

