# JRE version: OpenJDK Runtime Environment (17.0.9) (build 17.0.9+0--11185874)
# Java VM: OpenJDK 64-Bit Server VM (17.0.9+0--11185874, mixed mode, tiered, compressed oops, compressed class ptrs, g1 gc, windows-amd64)
GC Precious Log:
 CPUs: 8 total, 8 available
 Memory: 16217M
 Large Page Support: Disabled
 NUMA Support: Disabled
 Compressed Oops: Enabled (32-bit)
 Heap Region Size: 1M
 Heap Min Capacity: 8M
 Heap Initial Capacity: 254M
 Heap Max Capacity: 2G
 Pre-touch: Disabled
 Parallel Workers: 8
 Concurrent Workers: 2
 Concurrent Refinement Workers: 8
 Periodic GC: Disabled
Heap:
 garbage-first heap   total 260096K, used 222960K [0x0000000080000000, 0x0000000100000000)
  region size 1024K, 2 young (2048K), 2 survivors (2048K)
 Metaspace       used 137261K, committed 138304K, reserved 1179648K
  class space    used 18644K, committed 19136K, reserved 1048576K
GC Heap History (20 events):
Event: 6346.255 GC heap after
{Heap after GC invocations=76 (full 0):
 garbage-first heap   total 251904K, used 184257K [0x0000000080000000, 0x0000000100000000)
  region size 1024K, 3 young (3072K), 3 survivors (3072K)
 Metaspace       used 121846K, committed 122880K, reserved 1179648K
  class space    used 16269K, committed 16768K, reserved 1048576K
}
Event: 6347.009 GC heap before
{Heap before GC invocations=76 (full 0):
 garbage-first heap   total 251904K, used 209857K [0x0000000080000000, 0x0000000100000000)
  region size 1024K, 29 young (29696K), 3 survivors (3072K)
 Metaspace       used 124636K, committed 125632K, reserved 1179648K
  class space    used 16672K, committed 17152K, reserved 1048576K
}
Event: 6347.015 GC heap after
{Heap after GC invocations=77 (full 0):
 garbage-first heap   total 251904K, used 185399K [0x0000000080000000, 0x0000000100000000)
  region size 1024K, 1 young (1024K), 1 survivors (1024K)
 Metaspace       used 124636K, committed 125632K, reserved 1179648K
  class space    used 16672K, committed 17152K, reserved 1048576K
}
Event: 6347.811 GC heap before
{Heap before GC invocations=77 (full 0):
 garbage-first heap   total 251904K, used 213047K [0x0000000080000000, 0x0000000100000000)
  region size 1024K, 29 young (29696K), 1 survivors (1024K)
 Metaspace       used 128222K, committed 129216K, reserved 1179648K
  class space    used 17184K, committed 17664K, reserved 1048576K
}
Event: 6347.818 GC heap after
{Heap after GC invocations=78 (full 0):
 garbage-first heap   total 251904K, used 186171K [0x0000000080000000, 0x0000000100000000)
  region size 1024K, 2 young (2048K), 2 survivors (2048K)
 Metaspace       used 128222K, committed 129216K, reserved 1179648K
  class space    used 17184K, committed 17664K, reserved 1048576K
}
Event: 6348.753 GC heap before
{Heap before GC invocations=78 (full 0):
 garbage-first heap   total 251904K, used 213819K [0x0000000080000000, 0x0000000100000000)
  region size 1024K, 30 young (30720K), 2 survivors (2048K)
 Metaspace       used 132140K, committed 133120K, reserved 1179648K
  class space    used 17784K, committed 18240K, reserved 1048576K
}
Event: 6348.761 GC heap after
{Heap after GC invocations=79 (full 0):
 garbage-first heap   total 251904K, used 186637K [0x0000000080000000, 0x0000000100000000)
  region size 1024K, 3 young (3072K), 3 survivors (3072K)
 Metaspace       used 132140K, committed 133120K, reserved 1179648K
  class space    used 17784K, committed 18240K, reserved 1048576K
}
Event: 6349.845 GC heap before
{Heap before GC invocations=79 (full 0):
 garbage-first heap   total 251904K, used 215309K [0x0000000080000000, 0x0000000100000000)
  region size 1024K, 32 young (32768K), 3 survivors (3072K)
 Metaspace       used 135677K, committed 136704K, reserved 1179648K
  class space    used 18343K, committed 18816K, reserved 1048576K
}
Event: 6349.850 GC heap after
{Heap after GC invocations=80 (full 0):
 garbage-first heap   total 251904K, used 187337K [0x0000000080000000, 0x0000000100000000)
  region size 1024K, 3 young (3072K), 3 survivors (3072K)
 Metaspace       used 135677K, committed 136704K, reserved 1179648K
  class space    used 18343K, committed 18816K, reserved 1048576K
}
Event: 6702.049 GC heap before
{Heap before GC invocations=80 (full 0):
 garbage-first heap   total 251904K, used 229321K [0x0000000080000000, 0x0000000100000000)
  region size 1024K, 33 young (33792K), 3 survivors (3072K)
 Metaspace       used 137072K, committed 138112K, reserved 1179648K
  class space    used 18644K, committed 19136K, reserved 1048576K
}
Event: 6702.055 GC heap after
{Heap after GC invocations=81 (full 0):
 garbage-first heap   total 251904K, used 188113K [0x0000000080000000, 0x0000000100000000)
  region size 1024K, 4 young (4096K), 4 survivors (4096K)
 Metaspace       used 137072K, committed 138112K, reserved 1179648K
  class space    used 18644K, committed 19136K, reserved 1048576K
}
Event: 6702.342 GC heap before
{Heap before GC invocations=81 (full 0):
 garbage-first heap   total 251904K, used 217809K [0x0000000080000000, 0x0000000100000000)
  region size 1024K, 34 young (34816K), 4 survivors (4096K)
 Metaspace       used 137210K, committed 138240K, reserved 1179648K
  class space    used 18644K, committed 19136K, reserved 1048576K
}
Event: 6702.350 GC heap after
{Heap after GC invocations=82 (full 0):
 garbage-first heap   total 251904K, used 192184K [0x0000000080000000, 0x0000000100000000)
  region size 1024K, 5 young (5120K), 5 survivors (5120K)
 Metaspace       used 137210K, committed 138240K, reserved 1179648K
  class space    used 18644K, committed 19136K, reserved 1048576K
}
Event: 6702.527 GC heap before
{Heap before GC invocations=82 (full 0):
 garbage-first heap   total 251904K, used 219832K [0x0000000080000000, 0x0000000100000000)
  region size 1024K, 30 young (30720K), 5 survivors (5120K)
 Metaspace       used 137238K, committed 138304K, reserved 1179648K
  class space    used 18644K, committed 19136K, reserved 1048576K
}
Event: 6702.540 GC heap after
{Heap after GC invocations=83 (full 0):
 garbage-first heap   total 251904K, used 205461K [0x0000000080000000, 0x0000000100000000)
  region size 1024K, 4 young (4096K), 4 survivors (4096K)
 Metaspace       used 137238K, committed 138304K, reserved 1179648K
  class space    used 18644K, committed 19136K, reserved 1048576K
}
Event: 6702.562 GC heap before
{Heap before GC invocations=83 (full 0):
 garbage-first heap   total 251904K, used 213653K [0x0000000080000000, 0x0000000100000000)
  region size 1024K, 12 young (12288K), 4 survivors (4096K)
 Metaspace       used 137249K, committed 138304K, reserved 1179648K
  class space    used 18644K, committed 19136K, reserved 1048576K
}
Event: 6702.571 GC heap after
{Heap after GC invocations=84 (full 0):
 garbage-first heap   total 251904K, used 212415K [0x0000000080000000, 0x0000000100000000)
  region size 1024K, 2 young (2048K), 2 survivors (2048K)
 Metaspace       used 137249K, committed 138304K, reserved 1179648K
  class space    used 18644K, committed 19136K, reserved 1048576K
}
Event: 6702.632 GC heap before
{Heap before GC invocations=84 (full 0):
 garbage-first heap   total 251904K, used 222655K [0x0000000080000000, 0x0000000100000000)
  region size 1024K, 12 young (12288K), 2 survivors (2048K)
 Metaspace       used 137254K, committed 138304K, reserved 1179648K
  class space    used 18644K, committed 19136K, reserved 1048576K
}
Event: 6702.638 GC heap after
{Heap after GC invocations=85 (full 0):
 garbage-first heap   total 251904K, used 214280K [0x0000000080000000, 0x0000000100000000)
  region size 1024K, 2 young (2048K), 2 survivors (2048K)
 Metaspace       used 137254K, committed 138304K, reserved 1179648K
  class space    used 18644K, committed 19136K, reserved 1048576K
}
Event: 6702.729 GC heap before
{Heap before GC invocations=85 (full 0):
 garbage-first heap   total 251904K, used 223496K [0x0000000080000000, 0x0000000100000000)
  region size 1024K, 12 young (12288K), 2 survivors (2048K)
 Metaspace       used 137261K, committed 138304K, reserved 1179648K
  class space    used 18644K, committed 19136K, reserved 1048576K
}

