# JRE version: OpenJDK Runtime Environment (17.0.9) (build 17.0.9+0--11185874)
# Java VM: OpenJDK 64-Bit Server VM (17.0.9+0--11185874, mixed mode, tiered, compressed oops, compressed class ptrs, g1 gc, windows-amd64)
GC Precious Log:
 CPUs: 8 total, 8 available
 Memory: 16217M
 Large Page Support: Disabled
 NUMA Support: Disabled
 Compressed Oops: Enabled (32-bit)
 Heap Region Size: 1M
 Heap Min Capacity: 8M
 Heap Initial Capacity: 254M
 Heap Max Capacity: 2G
 Pre-touch: Disabled
 Parallel Workers: 8
 Concurrent Workers: 2
 Concurrent Refinement Workers: 8
 Periodic GC: Disabled
Heap:
 garbage-first heap   total 260096K, used 138240K [0x0000000080000000, 0x0000000100000000)
  region size 1024K, 10 young (10240K), 10 survivors (10240K)
 Metaspace       used 110087K, committed 110784K, reserved 1179648K
  class space    used 15265K, committed 15616K, reserved 1048576K
GC Heap History (20 events):
Event: 11.074 GC heap after
{Heap after GC invocations=37 (full 0):
 garbage-first heap   total 253952K, used 65062K [0x0000000080000000, 0x0000000100000000)
  region size 1024K, 1 young (1024K), 1 survivors (1024K)
 Metaspace       used 72885K, committed 73472K, reserved 1114112K
  class space    used 9845K, committed 10112K, reserved 1048576K
}
Event: 12.987 GC heap before
{Heap before GC invocations=37 (full 0):
 garbage-first heap   total 253952K, used 193062K [0x0000000080000000, 0x0000000100000000)
  region size 1024K, 125 young (128000K), 1 survivors (1024K)
 Metaspace       used 82053K, committed 82688K, reserved 1179648K
  class space    used 11351K, committed 11648K, reserved 1048576K
}
Event: 12.995 GC heap after
{Heap after GC invocations=38 (full 0):
 garbage-first heap   total 253952K, used 69951K [0x0000000080000000, 0x0000000100000000)
  region size 1024K, 6 young (6144K), 6 survivors (6144K)
 Metaspace       used 82053K, committed 82688K, reserved 1179648K
  class space    used 11351K, committed 11648K, reserved 1048576K
}
Event: 14.658 GC heap before
{Heap before GC invocations=38 (full 0):
 garbage-first heap   total 253952K, used 202047K [0x0000000080000000, 0x0000000100000000)
  region size 1024K, 136 young (139264K), 6 survivors (6144K)
 Metaspace       used 88955K, committed 89600K, reserved 1179648K
  class space    used 12413K, committed 12736K, reserved 1048576K
}
Event: 14.675 GC heap after
{Heap after GC invocations=39 (full 0):
 garbage-first heap   total 253952K, used 80681K [0x0000000080000000, 0x0000000100000000)
  region size 1024K, 16 young (16384K), 16 survivors (16384K)
 Metaspace       used 88955K, committed 89600K, reserved 1179648K
  class space    used 12413K, committed 12736K, reserved 1048576K
}
Event: 14.767 GC heap before
{Heap before GC invocations=39 (full 0):
 garbage-first heap   total 253952K, used 88873K [0x0000000080000000, 0x0000000100000000)
  region size 1024K, 26 young (26624K), 16 survivors (16384K)
 Metaspace       used 89213K, committed 89920K, reserved 1179648K
  class space    used 12458K, committed 12800K, reserved 1048576K
}
Event: 14.782 GC heap after
{Heap after GC invocations=40 (full 0):
 garbage-first heap   total 253952K, used 82934K [0x0000000080000000, 0x0000000100000000)
  region size 1024K, 3 young (3072K), 3 survivors (3072K)
 Metaspace       used 89213K, committed 89920K, reserved 1179648K
  class space    used 12458K, committed 12800K, reserved 1048576K
}
Event: 17.127 GC heap before
{Heap before GC invocations=41 (full 0):
 garbage-first heap   total 253952K, used 229366K [0x0000000080000000, 0x0000000100000000)
  region size 1024K, 122 young (124928K), 3 survivors (3072K)
 Metaspace       used 95325K, committed 96000K, reserved 1179648K
  class space    used 13074K, committed 13376K, reserved 1048576K
}
Event: 17.133 GC heap after
{Heap after GC invocations=42 (full 0):
 garbage-first heap   total 253952K, used 84698K [0x0000000080000000, 0x0000000100000000)
  region size 1024K, 5 young (5120K), 5 survivors (5120K)
 Metaspace       used 95325K, committed 96000K, reserved 1179648K
  class space    used 13074K, committed 13376K, reserved 1048576K
}
Event: 17.199 GC heap before
{Heap before GC invocations=42 (full 0):
 garbage-first heap   total 253952K, used 91866K [0x0000000080000000, 0x0000000100000000)
  region size 1024K, 12 young (12288K), 5 survivors (5120K)
 Metaspace       used 95437K, committed 96128K, reserved 1179648K
  class space    used 13087K, committed 13440K, reserved 1048576K
}
Event: 17.206 GC heap after
{Heap after GC invocations=43 (full 0):
 garbage-first heap   total 253952K, used 86112K [0x0000000080000000, 0x0000000100000000)
  region size 1024K, 2 young (2048K), 2 survivors (2048K)
 Metaspace       used 95437K, committed 96128K, reserved 1179648K
  class space    used 13087K, committed 13440K, reserved 1048576K
}
Event: 17.895 GC heap before
{Heap before GC invocations=43 (full 0):
 garbage-first heap   total 253952K, used 206944K [0x0000000080000000, 0x0000000100000000)
  region size 1024K, 121 young (123904K), 2 survivors (2048K)
 Metaspace       used 98477K, committed 99200K, reserved 1179648K
  class space    used 13502K, committed 13888K, reserved 1048576K
}
Event: 17.905 GC heap after
{Heap after GC invocations=44 (full 0):
 garbage-first heap   total 253952K, used 98970K [0x0000000080000000, 0x0000000100000000)
  region size 1024K, 15 young (15360K), 15 survivors (15360K)
 Metaspace       used 98477K, committed 99200K, reserved 1179648K
  class space    used 13502K, committed 13888K, reserved 1048576K
}
Event: 18.831 GC heap before
{Heap before GC invocations=44 (full 0):
 garbage-first heap   total 253952K, used 203418K [0x0000000080000000, 0x0000000100000000)
  region size 1024K, 118 young (120832K), 15 survivors (15360K)
 Metaspace       used 105631K, committed 106368K, reserved 1179648K
  class space    used 14548K, committed 14912K, reserved 1048576K
}
Event: 18.849 GC heap after
{Heap after GC invocations=45 (full 0):
 garbage-first heap   total 253952K, used 112357K [0x0000000080000000, 0x0000000100000000)
  region size 1024K, 14 young (14336K), 14 survivors (14336K)
 Metaspace       used 105631K, committed 106368K, reserved 1179648K
  class space    used 14548K, committed 14912K, reserved 1048576K
}
Event: 19.511 GC heap before
{Heap before GC invocations=46 (full 0):
 garbage-first heap   total 253952K, used 201445K [0x0000000080000000, 0x0000000100000000)
  region size 1024K, 102 young (104448K), 14 survivors (14336K)
 Metaspace       used 108451K, committed 109248K, reserved 1179648K
  class space    used 15031K, committed 15424K, reserved 1048576K
}
Event: 19.535 GC heap after
{Heap after GC invocations=47 (full 0):
 garbage-first heap   total 253952K, used 125952K [0x0000000080000000, 0x0000000100000000)
  region size 1024K, 13 young (13312K), 13 survivors (13312K)
 Metaspace       used 108451K, committed 109248K, reserved 1179648K
  class space    used 15031K, committed 15424K, reserved 1048576K
}
Event: 19.537 GC heap before
{Heap before GC invocations=47 (full 0):
 garbage-first heap   total 253952K, used 126976K [0x0000000080000000, 0x0000000100000000)
  region size 1024K, 14 young (14336K), 13 survivors (13312K)
 Metaspace       used 108461K, committed 109248K, reserved 1179648K
  class space    used 15036K, committed 15424K, reserved 1048576K
}
Event: 19.567 GC heap after
{Heap after GC invocations=48 (full 0):
 garbage-first heap   total 253952K, used 127567K [0x0000000080000000, 0x0000000100000000)
  region size 1024K, 2 young (2048K), 2 survivors (2048K)
 Metaspace       used 108461K, committed 109248K, reserved 1179648K
  class space    used 15036K, committed 15424K, reserved 1048576K
}
Event: 19.863 GC heap before
{Heap before GC invocations=48 (full 0):
 garbage-first heap   total 253952K, used 201295K [0x0000000080000000, 0x0000000100000000)
  region size 1024K, 75 young (76800K), 2 survivors (2048K)
 Metaspace       used 110087K, committed 110784K, reserved 1179648K
  class space    used 15265K, committed 15616K, reserved 1048576K
}

